1749077014.422120 client started (2590): version 3.5a, socket /private/tmp/tmux-501/default, protocol 8
1749077014.422210 on Darwin 24.5.0 Darwin Kernel Version 24.5.0: Tue Apr 22 19:54:26 PDT 2025; root:xnu-11417.121.6~2/RELEASE_ARM64_T8112
1749077014.422229 using libevent 2.1.12-stable select
1749077014.422460 using utf8proc 2.10.0
1749077014.422489 using ncurses 6.5 20240427
1749077014.422515 flags are 0x18010000
1749077014.422525 socket is /private/tmp/tmux-501/default
1749077014.422539 trying connect
1749077014.422863 connect failed: Connection refused
1749077014.422886 lock file is /private/tmp/tmux-501/default.lock
1749077014.423031 flock succeeded
1749077014.423041 got lock (6)
1749077014.423053 trying connect
1749077014.423067 connect failed: Connection refused
1749077014.423692 add peer 0x150048000: 7 (0x0)
1749077014.427195 sending message 111 to peer 0x150048000 (8 bytes)
1749077014.427217 sending message 111 to peer 0x150048000 (8 bytes)
1749077014.427228 sending message 101 to peer 0x150048000 (14 bytes)
1749077014.427236 sending message 109 to peer 0x150048000 (4 bytes)
1749077014.427243 sending message 102 to peer 0x150048000 (13 bytes)
1749077014.427250 sending message 108 to peer 0x150048000 (45 bytes)
1749077014.427257 sending message 112 to peer 0x150048000 (70 bytes)
1749077014.427264 sending message 112 to peer 0x150048000 (5 bytes)
1749077014.427271 sending message 112 to peer 0x150048000 (5 bytes)
1749077014.427280 sending message 112 to peer 0x150048000 (6 bytes)
1749077014.427288 sending message 112 to peer 0x150048000 (6 bytes)
1749077014.427296 sending message 112 to peer 0x150048000 (11 bytes)
1749077014.427304 sending message 112 to peer 0x150048000 (10 bytes)
1749077014.427312 sending message 112 to peer 0x150048000 (13 bytes)
1749077014.427320 sending message 112 to peer 0x150048000 (14 bytes)
1749077014.427328 sending message 112 to peer 0x150048000 (9 bytes)
1749077014.427336 sending message 112 to peer 0x150048000 (21 bytes)
1749077014.427344 sending message 112 to peer 0x150048000 (19 bytes)
1749077014.427353 sending message 112 to peer 0x150048000 (11 bytes)
1749077014.427360 sending message 112 to peer 0x150048000 (21 bytes)
1749077014.427368 sending message 112 to peer 0x150048000 (13 bytes)
1749077014.427376 sending message 112 to peer 0x150048000 (7 bytes)
1749077014.427384 sending message 112 to peer 0x150048000 (13 bytes)
1749077014.427392 sending message 112 to peer 0x150048000 (7 bytes)
1749077014.427400 sending message 112 to peer 0x150048000 (13 bytes)
1749077014.427408 sending message 112 to peer 0x150048000 (9 bytes)
1749077014.427415 sending message 112 to peer 0x150048000 (21 bytes)
1749077014.427424 sending message 112 to peer 0x150048000 (13 bytes)
1749077014.427431 sending message 112 to peer 0x150048000 (9 bytes)
1749077014.427439 sending message 112 to peer 0x150048000 (16 bytes)
1749077014.427447 sending message 112 to peer 0x150048000 (13 bytes)
1749077014.427455 sending message 112 to peer 0x150048000 (9 bytes)
1749077014.427464 sending message 112 to peer 0x150048000 (9 bytes)
1749077014.427472 sending message 112 to peer 0x150048000 (12 bytes)
1749077014.427479 sending message 112 to peer 0x150048000 (8 bytes)
1749077014.427487 sending message 112 to peer 0x150048000 (12 bytes)
1749077014.427495 sending message 112 to peer 0x150048000 (8 bytes)
1749077014.427503 sending message 112 to peer 0x150048000 (13 bytes)
1749077014.427510 sending message 112 to peer 0x150048000 (7 bytes)
1749077014.427518 sending message 112 to peer 0x150048000 (7 bytes)
1749077014.427526 sending message 112 to peer 0x150048000 (9 bytes)
1749077014.427534 sending message 112 to peer 0x150048000 (12 bytes)
1749077014.427542 sending message 112 to peer 0x150048000 (6 bytes)
1749077014.427548 sending message 112 to peer 0x150048000 (9 bytes)
1749077014.427555 sending message 112 to peer 0x150048000 (15 bytes)
1749077014.427564 sending message 112 to peer 0x150048000 (13 bytes)
1749077014.427572 sending message 112 to peer 0x150048000 (9 bytes)
1749077014.427579 sending message 112 to peer 0x150048000 (12 bytes)
1749077014.427611 sending message 112 to peer 0x150048000 (8 bytes)
1749077014.427617 sending message 112 to peer 0x150048000 (14 bytes)
1749077014.427623 sending message 112 to peer 0x150048000 (11 bytes)
1749077014.427628 sending message 112 to peer 0x150048000 (9 bytes)
1749077014.427634 sending message 112 to peer 0x150048000 (10 bytes)
1749077014.427640 sending message 112 to peer 0x150048000 (10 bytes)
1749077014.427645 sending message 112 to peer 0x150048000 (10 bytes)
1749077014.427651 sending message 112 to peer 0x150048000 (10 bytes)
1749077014.427657 sending message 112 to peer 0x150048000 (11 bytes)
1749077014.427662 sending message 112 to peer 0x150048000 (12 bytes)
1749077014.427668 sending message 112 to peer 0x150048000 (12 bytes)
1749077014.427674 sending message 112 to peer 0x150048000 (12 bytes)
1749077014.427680 sending message 112 to peer 0x150048000 (12 bytes)
1749077014.427686 sending message 112 to peer 0x150048000 (12 bytes)
1749077014.427692 sending message 112 to peer 0x150048000 (11 bytes)
1749077014.427698 sending message 112 to peer 0x150048000 (11 bytes)
1749077014.427703 sending message 112 to peer 0x150048000 (12 bytes)
1749077014.427709 sending message 112 to peer 0x150048000 (12 bytes)
1749077014.427716 sending message 112 to peer 0x150048000 (12 bytes)
1749077014.427722 sending message 112 to peer 0x150048000 (12 bytes)
1749077014.427728 sending message 112 to peer 0x150048000 (12 bytes)
1749077014.427735 sending message 112 to peer 0x150048000 (9 bytes)
1749077014.427742 sending message 112 to peer 0x150048000 (12 bytes)
1749077014.427746 sending message 112 to peer 0x150048000 (13 bytes)
1749077014.427752 sending message 112 to peer 0x150048000 (13 bytes)
1749077014.427757 sending message 112 to peer 0x150048000 (13 bytes)
1749077014.427764 sending message 112 to peer 0x150048000 (13 bytes)
1749077014.427770 sending message 112 to peer 0x150048000 (13 bytes)
1749077014.427776 sending message 112 to peer 0x150048000 (8 bytes)
1749077014.427780 sending message 112 to peer 0x150048000 (11 bytes)
1749077014.427786 sending message 112 to peer 0x150048000 (11 bytes)
1749077014.427792 sending message 112 to peer 0x150048000 (11 bytes)
1749077014.427798 sending message 112 to peer 0x150048000 (12 bytes)
1749077014.427803 sending message 112 to peer 0x150048000 (12 bytes)
1749077014.427809 sending message 112 to peer 0x150048000 (12 bytes)
1749077014.427814 sending message 112 to peer 0x150048000 (12 bytes)
1749077014.427821 sending message 112 to peer 0x150048000 (13 bytes)
1749077014.427826 sending message 112 to peer 0x150048000 (13 bytes)
1749077014.427830 sending message 112 to peer 0x150048000 (13 bytes)
1749077014.427835 sending message 112 to peer 0x150048000 (8 bytes)
1749077014.427840 sending message 112 to peer 0x150048000 (13 bytes)
1749077014.427845 sending message 112 to peer 0x150048000 (13 bytes)
1749077014.427851 sending message 112 to peer 0x150048000 (13 bytes)
1749077014.427856 sending message 112 to peer 0x150048000 (13 bytes)
1749077014.427862 sending message 112 to peer 0x150048000 (13 bytes)
1749077014.427868 sending message 112 to peer 0x150048000 (12 bytes)
1749077014.427873 sending message 112 to peer 0x150048000 (12 bytes)
1749077014.427880 sending message 112 to peer 0x150048000 (12 bytes)
1749077014.427886 sending message 112 to peer 0x150048000 (12 bytes)
1749077014.427892 sending message 112 to peer 0x150048000 (13 bytes)
1749077014.427897 sending message 112 to peer 0x150048000 (8 bytes)
1749077014.427904 sending message 112 to peer 0x150048000 (13 bytes)
1749077014.427910 sending message 112 to peer 0x150048000 (13 bytes)
1749077014.427917 sending message 112 to peer 0x150048000 (13 bytes)
1749077014.427923 sending message 112 to peer 0x150048000 (13 bytes)
1749077014.427928 sending message 112 to peer 0x150048000 (13 bytes)
1749077014.427934 sending message 112 to peer 0x150048000 (13 bytes)
1749077014.427940 sending message 112 to peer 0x150048000 (13 bytes)
1749077014.427946 sending message 112 to peer 0x150048000 (12 bytes)
1749077014.427951 sending message 112 to peer 0x150048000 (12 bytes)
1749077014.427967 sending message 112 to peer 0x150048000 (12 bytes)
1749077014.427973 sending message 112 to peer 0x150048000 (8 bytes)
1749077014.427979 sending message 112 to peer 0x150048000 (12 bytes)
1749077014.427986 sending message 112 to peer 0x150048000 (13 bytes)
1749077014.427993 sending message 112 to peer 0x150048000 (13 bytes)
1749077014.427999 sending message 112 to peer 0x150048000 (13 bytes)
1749077014.428003 sending message 112 to peer 0x150048000 (13 bytes)
1749077014.428009 sending message 112 to peer 0x150048000 (13 bytes)
1749077014.428015 sending message 112 to peer 0x150048000 (13 bytes)
1749077014.428020 sending message 112 to peer 0x150048000 (13 bytes)
1749077014.428026 sending message 112 to peer 0x150048000 (13 bytes)
1749077014.428031 sending message 112 to peer 0x150048000 (12 bytes)
1749077014.428036 sending message 112 to peer 0x150048000 (10 bytes)
1749077014.428041 sending message 112 to peer 0x150048000 (12 bytes)
1749077014.428047 sending message 112 to peer 0x150048000 (12 bytes)
1749077014.428052 sending message 112 to peer 0x150048000 (12 bytes)
1749077014.428058 sending message 112 to peer 0x150048000 (13 bytes)
1749077014.428064 sending message 112 to peer 0x150048000 (13 bytes)
1749077014.428069 sending message 112 to peer 0x150048000 (13 bytes)
1749077014.428075 sending message 112 to peer 0x150048000 (13 bytes)
1749077014.428079 sending message 112 to peer 0x150048000 (13 bytes)
1749077014.428085 sending message 112 to peer 0x150048000 (13 bytes)
1749077014.428089 sending message 112 to peer 0x150048000 (13 bytes)
1749077014.428093 sending message 112 to peer 0x150048000 (10 bytes)
1749077014.428098 sending message 112 to peer 0x150048000 (13 bytes)
1749077014.428103 sending message 112 to peer 0x150048000 (12 bytes)
1749077014.428109 sending message 112 to peer 0x150048000 (12 bytes)
1749077014.428116 sending message 112 to peer 0x150048000 (12 bytes)
1749077014.428123 sending message 112 to peer 0x150048000 (10 bytes)
1749077014.428129 sending message 112 to peer 0x150048000 (10 bytes)
1749077014.428135 sending message 112 to peer 0x150048000 (10 bytes)
1749077014.428141 sending message 112 to peer 0x150048000 (12 bytes)
1749077014.428146 sending message 112 to peer 0x150048000 (13 bytes)
1749077014.428151 sending message 112 to peer 0x150048000 (13 bytes)
1749077014.428157 sending message 112 to peer 0x150048000 (13 bytes)
1749077014.428162 sending message 112 to peer 0x150048000 (13 bytes)
1749077014.428168 sending message 112 to peer 0x150048000 (13 bytes)
1749077014.428174 sending message 112 to peer 0x150048000 (10 bytes)
1749077014.428180 sending message 112 to peer 0x150048000 (11 bytes)
1749077014.428185 sending message 112 to peer 0x150048000 (12 bytes)
1749077014.428191 sending message 112 to peer 0x150048000 (12 bytes)
1749077014.428197 sending message 112 to peer 0x150048000 (12 bytes)
1749077014.428203 sending message 112 to peer 0x150048000 (12 bytes)
1749077014.428209 sending message 112 to peer 0x150048000 (12 bytes)
1749077014.428215 sending message 112 to peer 0x150048000 (11 bytes)
1749077014.428220 sending message 112 to peer 0x150048000 (12 bytes)
1749077014.428226 sending message 112 to peer 0x150048000 (12 bytes)
1749077014.428231 sending message 112 to peer 0x150048000 (13 bytes)
1749077014.428237 sending message 112 to peer 0x150048000 (13 bytes)
1749077014.428242 sending message 112 to peer 0x150048000 (13 bytes)
1749077014.428248 sending message 112 to peer 0x150048000 (13 bytes)
1749077014.428254 sending message 112 to peer 0x150048000 (13 bytes)
1749077014.428259 sending message 112 to peer 0x150048000 (10 bytes)
1749077014.428265 sending message 112 to peer 0x150048000 (9 bytes)
1749077014.428271 sending message 112 to peer 0x150048000 (12 bytes)
1749077014.428277 sending message 112 to peer 0x150048000 (13 bytes)
1749077014.428283 sending message 112 to peer 0x150048000 (13 bytes)
1749077014.428290 sending message 112 to peer 0x150048000 (13 bytes)
1749077014.428297 sending message 112 to peer 0x150048000 (13 bytes)
1749077014.428311 sending message 112 to peer 0x150048000 (13 bytes)
1749077014.428317 sending message 112 to peer 0x150048000 (9 bytes)
1749077014.428322 sending message 112 to peer 0x150048000 (12 bytes)
1749077014.428328 sending message 112 to peer 0x150048000 (13 bytes)
1749077014.428333 sending message 112 to peer 0x150048000 (13 bytes)
1749077014.428339 sending message 112 to peer 0x150048000 (13 bytes)
1749077014.428344 sending message 112 to peer 0x150048000 (13 bytes)
1749077014.428350 sending message 112 to peer 0x150048000 (13 bytes)
1749077014.428356 sending message 112 to peer 0x150048000 (11 bytes)
1749077014.428361 sending message 112 to peer 0x150048000 (12 bytes)
1749077014.428387 sending message 112 to peer 0x150048000 (13 bytes)
1749077014.428396 sending message 112 to peer 0x150048000 (13 bytes)
1749077014.428403 sending message 112 to peer 0x150048000 (13 bytes)
1749077014.428407 sending message 112 to peer 0x150048000 (13 bytes)
1749077014.428411 sending message 112 to peer 0x150048000 (13 bytes)
1749077014.428414 sending message 112 to peer 0x150048000 (11 bytes)
1749077014.428417 sending message 112 to peer 0x150048000 (12 bytes)
1749077014.428421 sending message 112 to peer 0x150048000 (12 bytes)
1749077014.428424 sending message 112 to peer 0x150048000 (12 bytes)
1749077014.428427 sending message 112 to peer 0x150048000 (12 bytes)
1749077014.428431 sending message 112 to peer 0x150048000 (12 bytes)
1749077014.428434 sending message 112 to peer 0x150048000 (21 bytes)
1749077014.428437 sending message 112 to peer 0x150048000 (12 bytes)
1749077014.428441 sending message 112 to peer 0x150048000 (9 bytes)
1749077014.428444 sending message 112 to peer 0x150048000 (6 bytes)
1749077014.428448 sending message 112 to peer 0x150048000 (13 bytes)
1749077014.428451 sending message 112 to peer 0x150048000 (10 bytes)
1749077014.428455 sending message 112 to peer 0x150048000 (15 bytes)
1749077014.428458 sending message 112 to peer 0x150048000 (13 bytes)
1749077014.428461 sending message 112 to peer 0x150048000 (9 bytes)
1749077014.428464 sending message 112 to peer 0x150048000 (70 bytes)
1749077014.428467 sending message 112 to peer 0x150048000 (69 bytes)
1749077014.428471 sending message 112 to peer 0x150048000 (34 bytes)
1749077014.428475 sending message 112 to peer 0x150048000 (34 bytes)
1749077014.428480 sending message 112 to peer 0x150048000 (70 bytes)
1749077014.428483 sending message 112 to peer 0x150048000 (12 bytes)
1749077014.428487 sending message 112 to peer 0x150048000 (10 bytes)
1749077014.428490 sending message 112 to peer 0x150048000 (10 bytes)
1749077014.428493 sending message 112 to peer 0x150048000 (15 bytes)
1749077014.428496 sending message 112 to peer 0x150048000 (13 bytes)
1749077014.428499 sending message 112 to peer 0x150048000 (10 bytes)
1749077014.428502 sending message 112 to peer 0x150048000 (10 bytes)
1749077014.428504 sending message 112 to peer 0x150048000 (17 bytes)
1749077014.428507 sending message 112 to peer 0x150048000 (10 bytes)
1749077014.428510 sending message 112 to peer 0x150048000 (13 bytes)
1749077014.428513 sending message 112 to peer 0x150048000 (32 bytes)
1749077014.428516 sending message 112 to peer 0x150048000 (5 bytes)
1749077014.428519 sending message 112 to peer 0x150048000 (9 bytes)
1749077014.428523 sending message 112 to peer 0x150048000 (15 bytes)
1749077014.428525 sending message 112 to peer 0x150048000 (5 bytes)
1749077014.428529 sending message 104 to peer 0x150048000 (0 bytes)
1749077014.428533 sending message 110 to peer 0x150048000 (0 bytes)
1749077014.428536 sending message 107 to peer 0x150048000 (4 bytes)
1749077014.428540 sending message 105 to peer 0x150048000 (177 bytes)
1749077014.428543 sending message 105 to peer 0x150048000 (75 bytes)
1749077014.428547 sending message 105 to peer 0x150048000 (21 bytes)
1749077014.428552 sending message 105 to peer 0x150048000 (15 bytes)
1749077014.428556 sending message 105 to peer 0x150048000 (19 bytes)
1749077014.428559 sending message 105 to peer 0x150048000 (57 bytes)
1749077014.428563 sending message 105 to peer 0x150048000 (27 bytes)
1749077014.428574 sending message 105 to peer 0x150048000 (15 bytes)
1749077014.428577 sending message 105 to peer 0x150048000 (22 bytes)
1749077014.428581 sending message 105 to peer 0x150048000 (66 bytes)
1749077014.428584 sending message 105 to peer 0x150048000 (32 bytes)
1749077014.428588 sending message 105 to peer 0x150048000 (581 bytes)
1749077014.428591 sending message 105 to peer 0x150048000 (43 bytes)
1749077014.428595 sending message 105 to peer 0x150048000 (49 bytes)
1749077014.428598 sending message 105 to peer 0x150048000 (17 bytes)
1749077014.428601 sending message 105 to peer 0x150048000 (14 bytes)
1749077014.428604 sending message 105 to peer 0x150048000 (19 bytes)
1749077014.428608 sending message 105 to peer 0x150048000 (8 bytes)
1749077014.428611 sending message 105 to peer 0x150048000 (22 bytes)
1749077014.428614 sending message 105 to peer 0x150048000 (63 bytes)
1749077014.428618 sending message 105 to peer 0x150048000 (36 bytes)
1749077014.428621 sending message 105 to peer 0x150048000 (18 bytes)
1749077014.428625 sending message 105 to peer 0x150048000 (98 bytes)
1749077014.428628 sending message 105 to peer 0x150048000 (57 bytes)
1749077014.428632 sending message 105 to peer 0x150048000 (64 bytes)
1749077014.428636 sending message 105 to peer 0x150048000 (20 bytes)
1749077014.428640 sending message 105 to peer 0x150048000 (24 bytes)
1749077014.428643 sending message 105 to peer 0x150048000 (30 bytes)
1749077014.428647 sending message 105 to peer 0x150048000 (37 bytes)
1749077014.428651 sending message 105 to peer 0x150048000 (34 bytes)
1749077014.428653 sending message 105 to peer 0x150048000 (35 bytes)
1749077014.428657 sending message 105 to peer 0x150048000 (12 bytes)
1749077014.428659 sending message 105 to peer 0x150048000 (22 bytes)
1749077014.428662 sending message 105 to peer 0x150048000 (32 bytes)
1749077014.428665 sending message 105 to peer 0x150048000 (11 bytes)
1749077014.428668 sending message 105 to peer 0x150048000 (8 bytes)
1749077014.428671 sending message 105 to peer 0x150048000 (32 bytes)
1749077014.428675 sending message 105 to peer 0x150048000 (96 bytes)
1749077014.428679 sending message 105 to peer 0x150048000 (10 bytes)
1749077014.428682 sending message 105 to peer 0x150048000 (26 bytes)
1749077014.428686 sending message 105 to peer 0x150048000 (44 bytes)
1749077014.428689 sending message 105 to peer 0x150048000 (7 bytes)
1749077014.428692 sending message 105 to peer 0x150048000 (11 bytes)
1749077014.428696 sending message 105 to peer 0x150048000 (52 bytes)
1749077014.428700 sending message 105 to peer 0x150048000 (14 bytes)
1749077014.428704 sending message 105 to peer 0x150048000 (37 bytes)
1749077014.428707 sending message 105 to peer 0x150048000 (23 bytes)
1749077014.428711 sending message 105 to peer 0x150048000 (30 bytes)
1749077014.428714 sending message 105 to peer 0x150048000 (35 bytes)
1749077014.428718 sending message 105 to peer 0x150048000 (68 bytes)
1749077014.428721 sending message 105 to peer 0x150048000 (12 bytes)
1749077014.428724 sending message 105 to peer 0x150048000 (25 bytes)
1749077014.428728 sending message 106 to peer 0x150048000 (0 bytes)
1749077014.428768 sending message 200 to peer 0x150048000 (4 bytes)
1749077014.428773 client loop enter
1749077014.428787 client_signal: Child exited: 20
1749077014.496834 peer 0x150048000 message 207
1749077014.496885 sending message 208 to peer 0x150048000 (0 bytes)
1749077052.772958 peer 0x150048000 message 203
1749077052.772989 sending message 205 to peer 0x150048000 (0 bytes)
1749077052.773374 peer 0x150048000 message 204
1749077052.773400 client loop exit
